"/home/ruud/projects/dinerparty/src/server/model/party_participation.py", line 31 - model - WARNING - <PartyParticipationModel 2>
"/home/ruud/projects/dinerparty/src/server/model/party_participation.py", line 31 - model - WARNING - <PartyParticipationModel 2>
"/home/ruud/projects/dinerparty/src/server/model/party_participation.py", line 27 - model - WARNING - len(results): 2
"/home/ruud/projects/dinerparty/src/server/model/party_participation.py", line 53 - model - WARNING - party, user: CombinedMultiDict([ImmutableMultiDict([]), ImmutableMultiDict([('isComing', u'true'), ('partyId', u'1')])]), None
"/home/ruud/projects/dinerparty/src/server/model/party_participation.py", line 53 - model - WARNING - party, user: 1, 1
"/home/ruud/projects/dinerparty/src/server/model/party_participation.py", line 53 - model - WARNING - party, user: 1, 1
"/home/ruud/projects/dinerparty/src/server/model/party_participation.py", line 53 - model - WARNING - party, user: 1, 1
"/home/ruud/projects/dinerparty/src/server/model/party_participation.py", line 53 - model - WARNING - party, user: 1, 1
"/home/ruud/projects/dinerparty/src/server/model/party_participation.py", line 53 - model - WARNING - party, user: <PartyModel 1>, <UserModel 1>
"/home/ruud/projects/dinerparty/src/server/model/party_participation.py", line 53 - model - WARNING - party, user: <PartyModel 1>, <UserModel 1>
"/home/ruud/projects/dinerparty/src/server/model/party_participation.py", line 53 - model - WARNING - party, user: <PartyModel 1>, <UserModel 1>
"/home/ruud/projects/dinerparty/src/server/model/party_participation.py", line 53 - model - WARNING - party, user: <PartyModel 1>, <UserModel 1>
"/home/ruud/projects/dinerparty/src/server/model/party_participation.py", line 53 - model - WARNING - party, user: <PartyModel 1>, <UserModel 1>
"/home/ruud/projects/dinerparty/src/server/model/party_participation.py", line 53 - model - WARNING - party, user: <PartyModel 1>, <UserModel 1>
"/home/ruud/projects/dinerparty/src/server/model/party_participation.py", line 53 - model - WARNING - party, user: <PartyModel 1>, <UserModel 1>
"/home/ruud/projects/dinerparty/src/server/model/party_participation.py", line 36 - model - WARNING - party, user: <PartyModel 1>, <UserModel 1>
"/home/ruud/projects/dinerparty/src/server/model/party_participation.py", line 42 - model - WARNING - party, user: <PartyModel 1>, <UserModel 1>
"/home/ruud/projects/dinerparty/src/server/model/party_participation.py", line 43 - model - WARNING - party, user: <PartyModel 1>, <UserModel 1>
"/home/ruud/projects/dinerparty/src/server/model/party_participation.py", line 43 - model - WARNING - party, user: <PartyModel 1>, <UserModel 1>
"/home/ruud/projects/dinerparty/src/server/model/party_participation.py", line 43 - model - WARNING - party, user: <PartyModel 1>, <UserModel 1>
"/home/ruud/projects/dinerparty/src/server/model/party_participation.py", line 43 - model - WARNING - party, user: <PartyModel 1>, <UserModel 1>
"/home/ruud/projects/dinerparty/src/server/model/party_participation.py", line 43 - model - WARNING - party, user: <PartyModel 1>, <UserModel 1>
"/home/ruud/projects/dinerparty/src/server/model/party_participation.py", line 43 - model - WARNING - party, user: <PartyModel 1>, <UserModel 1>
"/home/ruud/projects/dinerparty/src/server/model/party_participation.py", line 43 - model - WARNING - party, user: <PartyModel 1>, <UserModel 1>
"/home/ruud/projects/dinerparty/src/server/model/party_participation.py", line 43 - model - WARNING - party, user: <PartyModel 1>, <UserModel 1>
"/home/ruud/projects/dinerparty/src/server/model/party_participation.py", line 43 - model - WARNING - party, user: <PartyModel 1>, <UserModel 1>
"/home/ruud/projects/dinerparty/src/server/model/party_participation.py", line 43 - model - WARNING - party, user: <PartyModel 1>, <UserModel 1>
"/home/ruud/projects/dinerparty/src/server/model/party_participation.py", line 43 - model - WARNING - party, user: <PartyModel 1>, <UserModel 1>
"/home/ruud/projects/dinerparty/src/server/model/party_participation.py", line 43 - model - WARNING - party, user: <PartyModel 1>, <UserModel 1>
"/home/ruud/projects/dinerparty/src/server/model/party_participation.py", line 43 - model - WARNING - party, user: <PartyModel 1>, <UserModel 1>
"/home/ruud/projects/dinerparty/src/server/model/party_participation.py", line 43 - model - WARNING - party, user: <PartyModel 1>, <UserModel 1>
"/home/ruud/projects/dinerparty/src/server/model/party_participation.py", line 43 - model - WARNING - party, user: <PartyModel 1>, <UserModel 1>
"/home/ruud/projects/dinerparty/src/server/model/party_participation.py", line 43 - model - WARNING - party, user: <PartyModel 1>, <UserModel 1>
"/home/ruud/projects/dinerparty/src/server/model/party_participation.py", line 43 - model - WARNING - party, user: <PartyModel 1>, <UserModel 1>
"/home/ruud/projects/dinerparty/src/server/model/party_participation.py", line 30 - model - WARNING - len(results)2
"/home/ruud/projects/dinerparty/src/server/model/party_participation.py", line 43 - model - WARNING - party, user: <PartyModel 1>, <UserModel 1>
"/home/ruud/projects/dinerparty/src/server/model/party_participation.py", line 30 - model - WARNING - len(results)2
"/home/ruud/projects/dinerparty/src/server/model/party_participation.py", line 44 - model - WARNING - party, user: <PartyModel 1>, <UserModel 1>
"/home/ruud/projects/dinerparty/src/server/model/party_participation.py", line 54 - model - WARNING - party, user: <PartyModel 1>, <UserModel 1>
"/home/ruud/projects/dinerparty/src/server/model/party_participation.py", line 54 - model - WARNING - party, user: <PartyModel 1>, <UserModel 1>
"/home/ruud/projects/dinerparty/src/server/model/party_participation.py", line 54 - model - WARNING - party, user: <PartyModel 1>, <UserModel 1>
"/home/ruud/projects/dinerparty/src/server/model/party_participation.py", line 54 - model - WARNING - party, user: <PartyModel 1>, <UserModel 1>
"/home/ruud/projects/dinerparty/src/server/model/party_participation.py", line 54 - model - WARNING - party, user: <PartyModel 1>, <UserModel 1>
"/home/ruud/projects/dinerparty/src/server/model/party_participation.py", line 54 - model - WARNING - party, user: <PartyModel 1>, <UserModel 1>
"/home/ruud/projects/dinerparty/src/server/model/party_participation.py", line 54 - model - WARNING - party, user: <PartyModel 1>, <UserModel 1>
"/home/ruud/projects/dinerparty/src/server/model/party_participation.py", line 54 - model - WARNING - party, user: <PartyModel 1>, <UserModel 1>
"/home/ruud/projects/dinerparty/src/server/model/party_participation.py", line 54 - model - WARNING - party, user: <PartyModel 1>, <UserModel 1>
"/home/ruud/projects/dinerparty/src/server/model/party_participation.py", line 54 - model - WARNING - party, user: <PartyModel 2>, <UserModel 1>
"/home/ruud/projects/dinerparty/src/server/model/party_participation.py", line 30 - model - WARNING - len(results)1
"/home/ruud/projects/dinerparty/src/server/model/party_participation.py", line 54 - model - WARNING - party, user: <PartyModel 2>, <UserModel 1>
"/home/ruud/projects/dinerparty/src/server/model/party_participation.py", line 54 - model - WARNING - party, user: <PartyModel 2>, <UserModel 2>
"/home/ruud/projects/dinerparty/src/server/model/party_participation.py", line 30 - model - WARNING - len(results)1
