/home/ruud/projects/dinerparty/src/server/resources/party_participation.py 2019-06-13 00:38:40,121 - resources - WARNING - request.values CombinedMultiDict([ImmutableMultiDict([]), ImmutableMultiDict([('id', u'1')])])
/home/ruud/projects/dinerparty/src/server/resources/party_participation.py 2019-06-13 00:38:40,124 - resources - WARNING - partyParticipation: <PartyParticipationModel (transient 140052535978960)> 
/home/ruud/projects/dinerparty/src/server/resources/party_participation.py 2019-06-13 00:38:40,126 - resources - WARNING - a []
/home/ruud/projects/dinerparty/src/server/resources/party_participation.py 2019-06-13 00:39:29,097 - resources - WARNING - request.values CombinedMultiDict([ImmutableMultiDict([]), ImmutableMultiDict([('id', u'1')])])
/home/ruud/projects/dinerparty/src/server/resources/party_participation.py 2019-06-13 00:39:29,107 - resources - WARNING - partyParticipation: <PartyParticipationModel (transient 140370344809104)> 
/home/ruud/projects/dinerparty/src/server/resources/party_participation.py 2019-06-13 00:39:29,110 - resources - WARNING - a []
/home/ruud/projects/dinerparty/src/server/resources/party_participation.py 2019-06-13 00:39:40,631 - resources - WARNING - request.values CombinedMultiDict([ImmutableMultiDict([]), ImmutableMultiDict([('id', u'1')])])
/home/ruud/projects/dinerparty/src/server/resources/party_participation.py 2019-06-13 00:39:40,634 - resources - WARNING - partyParticipation: <PartyParticipationModel (transient 140338772979024)> 
/home/ruud/projects/dinerparty/src/server/resources/party_participation.py 2019-06-13 00:39:40,636 - resources - WARNING - a []
/home/ruud/projects/dinerparty/src/server/resources/party_participation.py 2019-06-13 00:39:56,956 - resources - WARNING - request.values CombinedMultiDict([ImmutableMultiDict([]), ImmutableMultiDict([('id', u'1')])])
/home/ruud/projects/dinerparty/src/server/resources/party_participation.py 2019-06-13 00:39:56,959 - resources - WARNING - partyParticipation: <PartyParticipationModel (transient 140020027964368)> 
/home/ruud/projects/dinerparty/src/server/resources/party_participation.py 2019-06-13 00:39:56,961 - resources - WARNING - a []
/home/ruud/projects/dinerparty/src/server/resources/party_participation.py - resources - WARNING - request.values CombinedMultiDict([ImmutableMultiDict([]), ImmutableMultiDict([('id', u'1')])])
/home/ruud/projects/dinerparty/src/server/resources/party_participation.py - resources - WARNING - partyParticipation: <PartyParticipationModel (transient 139847717272528)> 
/home/ruud/projects/dinerparty/src/server/resources/party_participation.py - resources - WARNING - a []
/home/ruud/projects/dinerparty/src/server/resources/party_participation.py - resources - WARNING - request.values CombinedMultiDict([ImmutableMultiDict([]), ImmutableMultiDict([('id', u'1')])])
/home/ruud/projects/dinerparty/src/server/resources/party_participation.py - resources - WARNING - partyParticipation: <PartyParticipationModel (transient 140488869673936)> 
/home/ruud/projects/dinerparty/src/server/resources/party_participation.py - resources - WARNING - a []
/home/ruud/projects/dinerparty/src/server/resources/party_participation.py , line 38 - resources - WARNING - request.values CombinedMultiDict([ImmutableMultiDict([]), ImmutableMultiDict([('id', u'1')])])
/home/ruud/projects/dinerparty/src/server/resources/party_participation.py , line 38 - resources - WARNING - partyParticipation: <PartyParticipationModel (transient 140540822670288)> 
/home/ruud/projects/dinerparty/src/server/resources/party_participation.py , line 38 - resources - WARNING - a []
/home/ruud/projects/dinerparty/src/server/resources/party_participation.py, line 38 - resources - WARNING - request.values CombinedMultiDict([ImmutableMultiDict([]), ImmutableMultiDict([('id', u'1')])])
/home/ruud/projects/dinerparty/src/server/resources/party_participation.py, line 38 - resources - WARNING - partyParticipation: <PartyParticipationModel (transient 139625165458384)> 
/home/ruud/projects/dinerparty/src/server/resources/party_participation.py, line 38 - resources - WARNING - a []
"/home/ruud/projects/dinerparty/src/server/resources/party_participation.py", line 38 - resources - WARNING - request.values CombinedMultiDict([ImmutableMultiDict([]), ImmutableMultiDict([('id', u'1')])])
"/home/ruud/projects/dinerparty/src/server/resources/party_participation.py", line 38 - resources - WARNING - partyParticipation: <PartyParticipationModel (transient 139766904605648)> 
"/home/ruud/projects/dinerparty/src/server/resources/party_participation.py", line 38 - resources - WARNING - a []
"/home/ruud/projects/dinerparty/src/server/resources/party_participation.py", line 32 - resources - WARNING - request.values CombinedMultiDict([ImmutableMultiDict([]), ImmutableMultiDict([('id', u'1')])])
"/home/ruud/projects/dinerparty/src/server/resources/party_participation.py", line 35 - resources - WARNING - partyParticipation: <PartyParticipationModel (transient 140016438905104)> 
"/home/ruud/projects/dinerparty/src/server/resources/party_participation.py", line 37 - resources - WARNING - a []
"/home/ruud/projects/dinerparty/src/server/resources/party_participation.py", line 34 - resources - WARNING - a []
"/home/ruud/projects/dinerparty/src/server/resources/party_participation.py", line 34 - resources - WARNING - a []
"/home/ruud/projects/dinerparty/src/server/resources/party_participation.py", line 36 - resources - WARNING - a []
"/home/ruud/projects/dinerparty/src/server/resources/party_participation.py", line 36 - resources - WARNING - a []
"/home/ruud/projects/dinerparty/src/server/resources/party_participation.py", line 36 - resources - WARNING - a []
"/home/ruud/projects/dinerparty/src/server/resources/party_participation.py", line 37 - resources - WARNING - a []
"/home/ruud/projects/dinerparty/src/server/resources/party_participation.py", line 37 - resources - WARNING - a []
"/home/ruud/projects/dinerparty/src/server/resources/party_participation.py", line 37 - resources - WARNING - a []
"/home/ruud/projects/dinerparty/src/server/resources/party_participation.py", line 36 - resources - WARNING - a: []
"/home/ruud/projects/dinerparty/src/server/resources/party_participation.py", line 38 - resources - WARNING - a []
"/home/ruud/projects/dinerparty/src/server/resources/party_participation.py", line 36 - resources - WARNING - a: []
"/home/ruud/projects/dinerparty/src/server/resources/party_participation.py", line 38 - resources - WARNING - a []
"/home/ruud/projects/dinerparty/src/server/resources/party_participation.py", line 36 - resources - WARNING - a: []
"/home/ruud/projects/dinerparty/src/server/resources/party_participation.py", line 38 - resources - WARNING - a []
"/home/ruud/projects/dinerparty/src/server/resources/party_participation.py", line 36 - resources - WARNING - a: []
"/home/ruud/projects/dinerparty/src/server/resources/party_participation.py", line 38 - resources - WARNING - a []
"/home/ruud/projects/dinerparty/src/server/resources/party_participation.py", line 36 - resources - WARNING - a: []
"/home/ruud/projects/dinerparty/src/server/resources/party_participation.py", line 38 - resources - WARNING - a []
"/home/ruud/projects/dinerparty/src/server/resources/party_participation.py", line 36 - resources - WARNING - a: []
"/home/ruud/projects/dinerparty/src/server/resources/party_participation.py", line 38 - resources - WARNING - a []
"/home/ruud/projects/dinerparty/src/server/resources/party_participation.py", line 35 - resources - WARNING - partyParticipation <PartyParticipationModel (transient 139690225657040)>
"/home/ruud/projects/dinerparty/src/server/resources/party_participation.py", line 37 - resources - WARNING - a: []
"/home/ruud/projects/dinerparty/src/server/resources/party_participation.py", line 39 - resources - WARNING - a []
"/home/ruud/projects/dinerparty/src/server/resources/party_participation.py", line 35 - resources - WARNING - partyParticipation <PartyParticipationModel (transient 140008794875088)>
"/home/ruud/projects/dinerparty/src/server/resources/party_participation.py", line 37 - resources - WARNING - a: []
"/home/ruud/projects/dinerparty/src/server/resources/party_participation.py", line 39 - resources - WARNING - a []
"/home/ruud/projects/dinerparty/src/server/resources/party_participation.py", line 35 - resources - WARNING - partyParticipation None
"/home/ruud/projects/dinerparty/src/server/resources/party_participation.py", line 37 - resources - WARNING - a: []
"/home/ruud/projects/dinerparty/src/server/resources/party_participation.py", line 39 - resources - WARNING - a []
"/home/ruud/projects/dinerparty/src/server/resources/party_participation.py", line 35 - resources - WARNING - partyParticipation None
"/home/ruud/projects/dinerparty/src/server/resources/party_participation.py", line 37 - resources - WARNING - a: []
"/home/ruud/projects/dinerparty/src/server/resources/party_participation.py", line 39 - resources - WARNING - a []
"/home/ruud/projects/dinerparty/src/server/resources/party_participation.py", line 35 - resources - WARNING - party_id None
"/home/ruud/projects/dinerparty/src/server/resources/party_participation.py", line 37 - resources - WARNING - a: []
"/home/ruud/projects/dinerparty/src/server/resources/party_participation.py", line 39 - resources - WARNING - a []
"/home/ruud/projects/dinerparty/src/server/resources/party_participation.py", line 36 - resources - WARNING - party_id None
"/home/ruud/projects/dinerparty/src/server/resources/party_participation.py", line 38 - resources - WARNING - a: []
"/home/ruud/projects/dinerparty/src/server/resources/party_participation.py", line 40 - resources - WARNING - a []
"/home/ruud/projects/dinerparty/src/server/resources/party_participation.py", line 36 - resources - WARNING - party_id None
"/home/ruud/projects/dinerparty/src/server/resources/party_participation.py", line 36 - resources - WARNING - party_id None
"/home/ruud/projects/dinerparty/src/server/resources/party_participation.py", line 38 - resources - WARNING - a: []
"/home/ruud/projects/dinerparty/src/server/resources/party_participation.py", line 36 - resources - WARNING - party_id None
"/home/ruud/projects/dinerparty/src/server/resources/party_participation.py", line 38 - resources - WARNING - a: []
"/home/ruud/projects/dinerparty/src/server/resources/party_participation.py", line 36 - resources - WARNING - party_id None
"/home/ruud/projects/dinerparty/src/server/resources/party_participation.py", line 38 - resources - WARNING - a: []
"/home/ruud/projects/dinerparty/src/server/resources/party_participation.py", line 40 - resources - WARNING - a []
"/home/ruud/projects/dinerparty/src/server/resources/party_participation.py", line 36 - resources - WARNING - party_id None
"/home/ruud/projects/dinerparty/src/server/resources/party_participation.py", line 38 - resources - WARNING - a: []
"/home/ruud/projects/dinerparty/src/server/resources/party_participation.py", line 40 - resources - WARNING - a []
"/home/ruud/projects/dinerparty/src/server/resources/party_participation.py", line 36 - resources - WARNING - party_id None
"/home/ruud/projects/dinerparty/src/server/resources/party_participation.py", line 38 - resources - WARNING - a: []
"/home/ruud/projects/dinerparty/src/server/resources/party_participation.py", line 40 - resources - WARNING - a []
"/home/ruud/projects/dinerparty/src/server/resources/party_participation.py", line 36 - resources - WARNING - party_id None
"/home/ruud/projects/dinerparty/src/server/resources/party_participation.py", line 38 - resources - WARNING - a: []
"/home/ruud/projects/dinerparty/src/server/resources/party_participation.py", line 40 - resources - WARNING - a []
"/home/ruud/projects/dinerparty/src/server/resources/party_participation.py", line 37 - resources - WARNING - party_id None
"/home/ruud/projects/dinerparty/src/server/resources/party_participation.py", line 39 - resources - WARNING - a: []
"/home/ruud/projects/dinerparty/src/server/resources/party_participation.py", line 41 - resources - WARNING - a []
"/home/ruud/projects/dinerparty/src/server/resources/party_participation.py", line 36 - resources - WARNING - party_id None
"/home/ruud/projects/dinerparty/src/server/resources/party_participation.py", line 38 - resources - WARNING - a: []
"/home/ruud/projects/dinerparty/src/server/resources/party_participation.py", line 40 - resources - WARNING - a []
"/home/ruud/projects/dinerparty/src/server/resources/party_participation.py", line 35 - resources - WARNING - party_id None
"/home/ruud/projects/dinerparty/src/server/resources/party_participation.py", line 37 - resources - WARNING - a: []
"/home/ruud/projects/dinerparty/src/server/resources/party_participation.py", line 39 - resources - WARNING - a []
"/home/ruud/projects/dinerparty/src/server/resources/party_participation.py", line 35 - resources - WARNING - party_id None
"/home/ruud/projects/dinerparty/src/server/resources/party_participation.py", line 37 - resources - WARNING - a: []
"/home/ruud/projects/dinerparty/src/server/resources/party_participation.py", line 39 - resources - WARNING - a []
"/home/ruud/projects/dinerparty/src/server/resources/party_participation.py", line 47 - resources - WARNING - participation <PartyParticipationModel (transient 139726365171344)>
"/home/ruud/projects/dinerparty/src/server/resources/party_participation.py", line 47 - resources - WARNING - participation <PartyParticipationModel (transient 140706224869008)>
"/home/ruud/projects/dinerparty/src/server/resources/party_participation.py", line 49 - resources - WARNING - participation <PartyParticipationModel 20>
"/home/ruud/projects/dinerparty/src/server/resources/party_participation.py", line 47 - resources - WARNING - participation <PartyParticipationModel (transient 140199174565648)>
"/home/ruud/projects/dinerparty/src/server/resources/party_participation.py", line 47 - resources - WARNING - participation <PartyParticipationModel (transient 139630175551248)>
"/home/ruud/projects/dinerparty/src/server/resources/party_participation.py", line 49 - resources - WARNING - participation <PartyParticipationModel 21>
"/home/ruud/projects/dinerparty/src/server/resources/party_participation.py", line 47 - resources - WARNING - participation <PartyParticipationModel (transient 140285290217168)>
"/home/ruud/projects/dinerparty/src/server/resources/party_participation.py", line 51 - resources - WARNING - participation <PartyParticipationModel 22>
"/home/ruud/projects/dinerparty/src/server/resources/party_participation.py", line 47 - resources - WARNING - participation <PartyParticipationModel (transient 140369329721040)>
"/home/ruud/projects/dinerparty/src/server/resources/party_participation.py", line 47 - resources - WARNING - participation <PartyParticipationModel (transient 140151165619216)>
"/home/ruud/projects/dinerparty/src/server/resources/party_participation.py", line 47 - resources - WARNING - participation <PartyParticipationModel (transient 140691500175056)>
"/home/ruud/projects/dinerparty/src/server/resources/party_participation.py", line 52 - resources - WARNING - participation <PartyParticipationModel 23>
"/home/ruud/projects/dinerparty/src/server/resources/party_participation.py", line 47 - resources - WARNING - participation <PartyParticipationModel (transient 140111235468304)>
"/home/ruud/projects/dinerparty/src/server/resources/party_participation.py", line 53 - resources - WARNING - participation <PartyParticipationModel 24>
"/home/ruud/projects/dinerparty/src/server/resources/party_participation.py", line 47 - resources - WARNING - participation <PartyParticipationModel (transient 140581838748752)>
"/home/ruud/projects/dinerparty/src/server/resources/party_participation.py", line 47 - resources - WARNING - participation <PartyParticipationModel (transient 140235179470608)>
"/home/ruud/projects/dinerparty/src/server/resources/party_participation.py", line 53 - resources - WARNING - participation <PartyParticipationModel 25>
"/home/ruud/projects/dinerparty/src/server/resources/party_participation.py", line 47 - resources - WARNING - participation <PartyParticipationModel (transient 140563208945936)>
"/home/ruud/projects/dinerparty/src/server/resources/party_participation.py", line 53 - resources - WARNING - participation <PartyParticipationModel 26>
"/home/ruud/projects/dinerparty/src/server/resources/party_participation.py", line 48 - resources - WARNING - participations: [<PartyParticipationModel 26>]
"/home/ruud/projects/dinerparty/src/server/resources/party_participation.py", line 48 - resources - WARNING - participations: [<PartyParticipationModel 26>]
"/home/ruud/projects/dinerparty/src/server/resources/party_participation.py", line 48 - resources - WARNING - participations: [<PartyParticipationModel 26>]
"/home/ruud/projects/dinerparty/src/server/resources/party_participation.py", line 48 - resources - WARNING - participations: [<PartyParticipationModel 26>]
"/home/ruud/projects/dinerparty/src/server/resources/party_participation.py", line 48 - resources - WARNING - participations: [<PartyParticipationModel 26>]
"/home/ruud/projects/dinerparty/src/server/resources/party_participation.py", line 48 - resources - WARNING - participations: [<PartyParticipationModel 26>]
"/home/ruud/projects/dinerparty/src/server/resources/party_participation.py", line 53 - resources - WARNING - participations: [<PartyParticipationModel 26>]
"/home/ruud/projects/dinerparty/src/server/resources/party_participation.py", line 55 - resources - WARNING - participations: [<PartyParticipationModel 26>]
"/home/ruud/projects/dinerparty/src/server/resources/party_participation.py", line 55 - resources - WARNING - participations: [<PartyParticipationModel 26>]
"/home/ruud/projects/dinerparty/src/server/resources/party_participation.py", line 55 - resources - WARNING - participations: [<PartyParticipationModel 26>]
"/home/ruud/projects/dinerparty/src/server/resources/party_participation.py", line 55 - resources - WARNING - participations: [<PartyParticipationModel 26>]
"/home/ruud/projects/dinerparty/src/server/resources/party_participation.py", line 55 - resources - WARNING - participations: [<PartyParticipationModel 26>]
"/home/ruud/projects/dinerparty/src/server/resources/party_participation.py", line 55 - resources - WARNING - participations: [<PartyParticipationModel 26>]
"/home/ruud/projects/dinerparty/src/server/resources/party_participation.py", line 55 - resources - WARNING - participations: [<PartyParticipationModel 26>]
